2025-11-10 18:06:05 [320449] onycom@master:/home/onycom -> 
2025-11-10 18:06:05 [320449] onycom@master:/home/onycom -> 
2025-11-10 18:06:05 [320449] onycom@master:/home/onycom -> 2025-11-09 01:48:54  vi README.md 
2025-11-10 18:06:05 [320551] onycom@master:/home/onycom -> 
2025-11-10 18:06:05 [320551] onycom@master:/home/onycom -> 
2025-11-10 18:06:05 [320551] onycom@master:/home/onycom -> 
2025-11-10 18:06:40 [320449] onycom@master:/home/onycom -> 2025-11-10 18:06:40  kubectl get nodes
2025-11-10 18:06:40 [320449] onycom@master:/home/onycom -> 2025-11-10 18:06:40  kubectl get nodes
2025-11-10 18:06:43 [320449] onycom@master:/home/onycom -> 2025-11-10 18:06:40  kubectl get nodes
2025-11-10 18:06:43 [320449] onycom@master:/home/onycom -> 2025-11-10 18:06:40  kubectl get nodes
2025-11-10 18:06:46 [320449] onycom@master:/home/onycom -> 2025-11-10 18:06:46  kubectl get pods
2025-11-10 18:06:46 [320449] onycom@master:/home/onycom -> 2025-11-10 18:06:46  kubectl get pods
2025-11-10 18:06:49 [320449] onycom@master:/home/onycom -> 2025-11-10 18:06:46  kubectl get pods
2025-11-10 18:06:49 [320449] onycom@master:/home/onycom -> 2025-11-10 18:06:46  kubectl get pods
2025-11-10 18:07:03 [320449] onycom@master:/home/onycom -> 2025-11-10 18:07:03  history
2025-11-10 18:07:03 [320449] onycom@master:/home/onycom -> 2025-11-10 18:07:03  history
2025-11-10 18:07:14 [320449] onycom@master:/home/onycom -> 2025-11-10 18:07:14  kubectl -n iiac-biz get pods
2025-11-10 18:07:14 [320449] onycom@master:/home/onycom -> 2025-11-10 18:07:14  kubectl -n iiac-biz get pods
2025-11-10 18:07:31 [320449] onycom@master:/home/onycom -> 2025-11-10 18:07:31  kubectl -n iiac-viz get all
2025-11-10 18:07:31 [320449] onycom@master:/home/onycom -> 2025-11-10 18:07:31  kubectl -n iiac-viz get all
2025-11-10 18:07:33 [320449] onycom@master:/home/onycom -> 2025-11-10 18:07:31  kubectl -n iiac-viz get all
2025-11-10 18:07:33 [320449] onycom@master:/home/onycom -> 2025-11-10 18:07:31  kubectl -n iiac-viz get all
2025-11-10 18:07:50 [320449] onycom@master:/home/onycom -> 2025-11-10 18:07:50  kubectl iiac-viz get all
2025-11-10 18:07:50 [320449] onycom@master:/home/onycom -> 2025-11-10 18:07:50  kubectl iiac-viz get all
2025-11-10 18:08:04 [320449] onycom@master:/home/onycom -> 2025-11-10 18:08:04  kubectl -n iiac-viz get all
2025-11-10 18:08:04 [320449] onycom@master:/home/onycom -> 2025-11-10 18:08:04  kubectl -n iiac-viz get all
2025-11-10 19:25:41 [340576] onycom@master:/home/onycom -> 
2025-11-10 19:25:41 [340576] onycom@master:/home/onycom -> 
2025-11-10 19:25:42 [340576] onycom@master:/home/onycom -> 2025-11-10 18:08:04  kubectl -n iiac-viz get all
2025-11-10 19:25:42 [340660] onycom@master:/home/onycom -> 
2025-11-10 19:25:42 [340660] onycom@master:/home/onycom -> 
2025-11-10 19:25:42 [340660] onycom@master:/home/onycom -> 
2025-11-10 19:25:42 [340576] onycom@master:/home/onycom -> 2025-11-10 18:08:04  kubectl -n iiac-viz get all
2025-11-10 19:25:43 [340576] onycom@master:/home/onycom -> 2025-11-10 18:08:04  kubectl -n iiac-viz get all
