2025-11-08 01:18:18 [3547967] onycom@master:/home/onycom -> 
2025-11-08 01:18:18 [3547967] onycom@master:/home/onycom -> 
2025-11-08 01:18:18 [3547967] onycom@master:/home/onycom -> 2025-11-04 09:37:12  exit
2025-11-08 01:18:48 [3547967] onycom@master:/home/onycom -> 2025-11-08 01:18:48  kubectl -v
2025-11-08 01:18:49 [3547967] onycom@master:/home/onycom -> 2025-11-08 01:18:48  kubectl -v
2025-11-08 01:18:53 [3547967] onycom@master:/home/onycom -> 2025-11-08 01:18:53  kubectl --help
2025-11-08 01:18:53 [3547967] onycom@master:/home/onycom -> 2025-11-08 01:18:53  kubectl --help
2025-11-08 01:18:58 [3547967] onycom@master:/home/onycom -> 2025-11-08 01:18:58  kubectl -version
2025-11-08 01:18:58 [3547967] onycom@master:/home/onycom -> 2025-11-08 01:18:58  kubectl -version
2025-11-08 01:19:02 [3547967] onycom@master:/home/onycom -> 2025-11-08 01:19:02  kubectl --version
2025-11-08 01:19:02 [3547967] onycom@master:/home/onycom -> 2025-11-08 01:19:02  kubectl --version
2025-11-08 01:19:20 [3547967] onycom@master:/home/onycom -> 2025-11-08 01:19:20  kubectl --api-version
2025-11-08 01:19:20 [3547967] onycom@master:/home/onycom -> 2025-11-08 01:19:20  kubectl --api-version
2025-11-08 01:19:22 [3547967] onycom@master:/home/onycom -> 2025-11-08 01:19:22  kubectl --api-versions
2025-11-08 01:19:22 [3547967] onycom@master:/home/onycom -> 2025-11-08 01:19:22  kubectl --api-versions
2025-11-08 10:13:58 [3679950] onycom@master:/home/onycom -> 
2025-11-08 10:13:58 [3679950] onycom@master:/home/onycom -> 
2025-11-08 10:13:58 [3679950] onycom@master:/home/onycom -> 2025-11-08 01:19:22  kubectl --api-versions
2025-11-08 10:13:58 [3680020] onycom@master:/home/onycom -> 
2025-11-08 10:13:58 [3680020] onycom@master:/home/onycom -> 
2025-11-08 10:13:58 [3680020] onycom@master:/home/onycom -> 
2025-11-08 10:19:21 [3679950] onycom@master:/home/onycom -> 2025-11-08 10:19:21  ls
2025-11-08 10:19:21 [3679950] onycom@master:/home/onycom -> 2025-11-08 10:19:21  ls
2025-11-08 10:19:24 [3679950] onycom@master:/home/onycom -> 2025-11-08 10:19:24  pwd
2025-11-08 10:19:24 [3679950] onycom@master:/home/onycom -> 2025-11-08 10:19:24  pwd
2025-11-08 10:19:32 [3679950] onycom@master:/home/onycom -> 2025-11-08 10:19:32  kubectl
2025-11-08 10:19:32 [3679950] onycom@master:/home/onycom -> 2025-11-08 10:19:32  kubectl
2025-11-08 10:19:45 [3679950] onycom@master:/home/onycom -> 2025-11-08 10:19:45  kubectl version
2025-11-08 10:19:45 [3679950] onycom@master:/home/onycom -> 2025-11-08 10:19:45  kubectl version
2025-11-08 10:19:52 [3679950] onycom@master:/home/onycom -> 2025-11-08 10:19:52  kubectl get nodes
2025-11-08 10:19:52 [3679950] onycom@master:/home/onycom -> 2025-11-08 10:19:52  kubectl get nodes
2025-11-08 10:25:16 [3683118] onycom@master:/home/onycom -> 
2025-11-08 10:25:16 [3683118] onycom@master:/home/onycom -> 
2025-11-08 10:25:16 [3683118] onycom@master:/home/onycom -> 2025-11-08 10:19:52  kubectl get nodes
2025-11-08 10:25:16 [3683213] onycom@master:/home/onycom -> 
2025-11-08 10:25:16 [3683213] onycom@master:/home/onycom -> 
2025-11-08 10:25:16 [3683213] onycom@master:/home/onycom -> 
2025-11-08 10:25:16 [3683118] onycom@master:/home/onycom -> 2025-11-08 10:19:52  kubectl get nodes
2025-11-08 10:25:16 [3683118] onycom@master:/home/onycom -> 2025-11-08 10:19:52  kubectl get nodes
2025-11-08 10:25:38 [3683118] onycom@master:/home/onycom -> 2025-11-08 10:25:38  nano Tomcat10WAR
2025-11-08 10:28:59 [3683118] onycom@master:/home/onycom -> 2025-11-08 10:25:38  nano Tomcat10WAR
2025-11-08 10:29:12 [3683118] onycom@master:/home/onycom -> 2025-11-08 10:29:12  nano iiac-viz-tomcat.yaml
2025-11-08 10:29:19 [3683118] onycom@master:/home/onycom -> 2025-11-08 10:29:12  nano iiac-viz-tomcat.yaml
2025-11-08 10:29:25 [3683118] onycom@master:/home/onycom -> 2025-11-08 10:29:25  kubectl apply -f iiac-viz-tomcat.yaml
2025-11-08 10:29:25 [3683118] onycom@master:/home/onycom -> 2025-11-08 10:29:25  kubectl apply -f iiac-viz-tomcat.yaml
2025-11-08 10:29:38 [3683118] onycom@master:/home/onycom -> 2025-11-08 10:29:38  kubectl -n iiac-viz get pods
2025-11-08 10:29:38 [3683118] onycom@master:/home/onycom -> 2025-11-08 10:29:38  kubectl -n iiac-viz get pods
2025-11-08 10:29:41 [3683118] onycom@master:/home/onycom -> 2025-11-08 10:29:38  kubectl -n iiac-viz get pods
2025-11-08 10:29:41 [3683118] onycom@master:/home/onycom -> 2025-11-08 10:29:38  kubectl -n iiac-viz get pods
2025-11-08 10:30:21 [3684790] onycom@master:/home/onycom -> 
2025-11-08 10:30:21 [3684790] onycom@master:/home/onycom -> 
2025-11-08 10:30:21 [3684790] onycom@master:/home/onycom -> 
2025-11-08 10:32:22 [3683118] onycom@master:/home/onycom -> 2025-11-08 10:29:38  kubectl -n iiac-viz get pods
2025-11-08 10:32:22 [3683118] onycom@master:/home/onycom -> 2025-11-08 10:29:38  kubectl -n iiac-viz get pods
2025-11-08 10:32:23 [3683118] onycom@master:/home/onycom -> 2025-11-08 10:29:38  kubectl -n iiac-viz get pods
2025-11-08 10:32:23 [3683118] onycom@master:/home/onycom -> 2025-11-08 10:29:38  kubectl -n iiac-viz get pods
2025-11-08 10:32:23 [3683118] onycom@master:/home/onycom -> 2025-11-08 10:29:38  kubectl -n iiac-viz get pods
2025-11-08 10:32:29 [3683118] onycom@master:/home/onycom -> 2025-11-08 10:32:29  ls
2025-11-08 10:32:29 [3683118] onycom@master:/home/onycom -> 2025-11-08 10:32:29  ls
2025-11-08 10:32:30 [3683118] onycom@master:/home/onycom -> 2025-11-08 10:32:30  ls -al
2025-11-08 10:32:30 [3683118] onycom@master:/home/onycom -> 2025-11-08 10:32:30  ls -al
2025-11-08 10:32:40 [3683118] onycom@master:/home/onycom -> 2025-11-08 10:32:40  chmod 755 analysis_viz-0.0.1-SNAPSHOT.war 
2025-11-08 10:32:40 [3683118] onycom@master:/home/onycom -> 2025-11-08 10:32:40  chmod 755 analysis_viz-0.0.1-SNAPSHOT.war 
2025-11-08 10:32:50 [3683118] onycom@master:/home/onycom -> 2025-11-08 10:32:50  kubectl -n iiac-viz get pods
2025-11-08 10:32:50 [3683118] onycom@master:/home/onycom -> 2025-11-08 10:32:50  kubectl -n iiac-viz get pods
2025-11-08 10:33:02 [3683118] onycom@master:/home/onycom -> 2025-11-08 10:32:50  kubectl -n iiac-viz get pods
2025-11-08 10:33:02 [3683118] onycom@master:/home/onycom -> 2025-11-08 10:32:50  kubectl -n iiac-viz get pods
2025-11-08 10:33:14 [3683118] onycom@master:/home/onycom -> 2025-11-08 10:32:50  kubectl -n iiac-viz get pods
2025-11-08 10:33:14 [3683118] onycom@master:/home/onycom -> 2025-11-08 10:32:50  kubectl -n iiac-viz get pods
2025-11-08 10:33:51 [3683118] onycom@master:/home/onycom -> 2025-11-08 10:33:51  kubectl -n iiac-viz exec -it iiac-viz-5bd697d78d-qsb6g -- /bin/bash
2025-11-08 10:34:07 [3683118] onycom@master:/home/onycom -> 2025-11-08 10:33:51  kubectl -n iiac-viz exec -it iiac-viz-5bd697d78d-qsb6g -- /bin/bash
2025-11-08 10:34:14 [3683118] onycom@master:/home/onycom -> 2025-11-08 10:34:14  ls
2025-11-08 10:34:14 [3683118] onycom@master:/home/onycom -> 2025-11-08 10:34:14  ls
2025-11-08 10:35:08 [3683118] onycom@master:/home/onycom -> 2025-11-08 10:35:08  kubectl -n iiac-viz analysis_viz-0.0.1-SNAPSHOT.war iiac-viz-5bd697d78d-qsb6g:/usr/local/tomcat/webapps/ROOT.war
2025-11-08 10:35:08 [3683118] onycom@master:/home/onycom -> 2025-11-08 10:35:08  kubectl -n iiac-viz analysis_viz-0.0.1-SNAPSHOT.war iiac-viz-5bd697d78d-qsb6g:/usr/local/tomcat/webapps/ROOT.war
2025-11-08 10:35:29 [3683118] onycom@master:/home/onycom -> 2025-11-08 10:35:29  kubectl -n iiac-viz cp analysis_viz-0.0.1-SNAPSHOT.war iiac-viz-5bd697d78d-qsb6g:/usr/local/tomcat/webapps/ROOT.war
2025-11-08 10:35:31 [3683118] onycom@master:/home/onycom -> 2025-11-08 10:35:29  kubectl -n iiac-viz cp analysis_viz-0.0.1-SNAPSHOT.war iiac-viz-5bd697d78d-qsb6g:/usr/local/tomcat/webapps/ROOT.war
2025-11-08 10:35:44 [3683118] onycom@master:/home/onycom -> 2025-11-08 10:35:44  curl http://localhost:8080
2025-11-08 10:35:44 [3683118] onycom@master:/home/onycom -> 2025-11-08 10:35:44  curl http://localhost:8080
2025-11-08 10:35:48 [3683118] onycom@master:/home/onycom -> 2025-11-08 10:35:44  curl http://localhost:8080
2025-11-08 10:35:48 [3683118] onycom@master:/home/onycom -> 2025-11-08 10:35:44  curl http://localhost:8080
2025-11-08 10:35:51 [3683118] onycom@master:/home/onycom -> 2025-11-08 10:35:51  curl http://localhost:8081
2025-11-08 10:35:51 [3683118] onycom@master:/home/onycom -> 2025-11-08 10:35:51  curl http://localhost:8081
2025-11-08 10:36:36 [3683118] onycom@master:/home/onycom -> 2025-11-08 10:36:36  [onycom@master ~]$ chmod 755 analysis_viz-0.0.1-SNAPSHOT.war
2025-11-08 10:36:37 [3683118] onycom@master:/home/onycom -> 2025-11-08 10:36:37  [onycom@master ~]$ kubectl -n iiac-viz get pods
2025-11-08 10:36:37 [3683118] onycom@master:/home/onycom -> 2025-11-08 10:36:37  NAME                        READY   STATUS    RESTARTS   AGE
2025-11-08 10:36:37 [3683118] onycom@master:/home/onycom -> 2025-11-08 10:36:37  iiac-viz-5bd697d78d-qsb6g   1/1     Running   0          3m25s
2025-11-08 10:36:38 [3683118] onycom@master:/home/onycom -> 2025-11-08 10:36:38  [onycom@master ~]$
2025-11-08 10:36:38 [3683118] onycom@master:/home/onycom -> 2025-11-08 10:36:38  [onycom@master ~]$
2025-11-08 10:36:38 [3683118] onycom@master:/home/onycom -> 2025-11-08 10:36:38  [onycom@master ~]$ kubectl -n iiac-viz get pods
2025-11-08 10:36:38 [3683118] onycom@master:/home/onycom -> 2025-11-08 10:36:38  NAME                        READY   STATUS    RESTARTS   AGE
2025-11-08 10:36:38 [3683118] onycom@master:/home/onycom -> 2025-11-08 10:36:38  iiac-viz-5bd697d78d-qsb6g   1/1     Running   0          3m49s
2025-11-08 10:36:38 [3683118] onycom@master:/home/onycom -> 2025-11-08 10:36:38  [onycom@master ~]$ kubectl -n iiac-viz exec -it iiac-viz-5bd697d78d-qsb6g -- /bin/bash
2025-11-08 10:36:38 [3683118] onycom@master:/home/onycom -> 2025-11-08 10:36:38  root@iiac-viz-5bd697d78d-qsb6g:/usr/local/tomcat#
2025-11-08 10:36:38 [3683118] onycom@master:/home/onycom -> 2025-11-08 10:36:38  root@iiac-viz-5bd697d78d-qsb6g:/usr/local/tomcat#
2025-11-08 10:36:39 [3683118] onycom@master:/home/onycom -> 2025-11-08 10:36:38  root@iiac-viz-5bd697d78d-qsb6g:/usr/local/tomcat# ls /usr/local/tomcat/webapps
2025-11-08 10:36:39 [3683118] onycom@master:/home/onycom -> 2025-11-08 10:36:39  root@iiac-viz-5bd697d78d-qsb6g:/usr/local/tomcat# exit
2025-11-08 10:36:39 [3683118] onycom@master:/home/onycom -> 2025-11-08 10:36:39  exit
2025-11-08 10:36:42 [3687382] onycom@master:/home/onycom -> 
2025-11-08 10:36:42 [3687382] onycom@master:/home/onycom -> 
2025-11-08 10:36:42 [3687382] onycom@master:/home/onycom -> 2025-11-08 10:36:39  exit
2025-11-08 10:36:42 [3687478] onycom@master:/home/onycom -> 
2025-11-08 10:36:42 [3687478] onycom@master:/home/onycom -> 
2025-11-08 10:36:43 [3687478] onycom@master:/home/onycom -> 
2025-11-08 10:36:54 [3687382] onycom@master:/home/onycom -> 2025-11-08 10:36:54  kubectl -n iiac-viz exec -it iiac-viz-5bd697d78d-qsb6g -- bash
2025-11-08 10:38:03 [3687382] onycom@master:/home/onycom -> 2025-11-08 10:36:54  kubectl -n iiac-viz exec -it iiac-viz-5bd697d78d-qsb6g -- bash
2025-11-08 10:38:07 [3687382] onycom@master:/home/onycom -> 2025-11-08 10:38:07  kubectl get svc -n iiac-viz
2025-11-08 10:38:07 [3687382] onycom@master:/home/onycom -> 2025-11-08 10:38:07  kubectl get svc -n iiac-viz
2025-11-08 10:38:23 [3687382] onycom@master:/home/onycom -> 2025-11-08 10:38:23  kubectl get nodes -o wide
2025-11-08 10:38:23 [3687382] onycom@master:/home/onycom -> 2025-11-08 10:38:23  kubectl get nodes -o wide
2025-11-08 10:39:13 [3687382] onycom@master:/home/onycom -> 2025-11-08 10:39:13  curl http://192.168.10.21:30080/
2025-11-08 10:39:13 [3687382] onycom@master:/home/onycom -> 2025-11-08 10:39:13  curl http://192.168.10.21:30080/
2025-11-08 10:39:14 [3687382] onycom@master:/home/onycom -> 2025-11-08 10:39:13  curl http://192.168.10.21:30080/
2025-11-08 10:39:36 [3687382] onycom@master:/home/onycom -> 2025-11-08 10:39:36  sudo firewall-cmd --list-ports
2025-11-08 10:39:46 [3687382] onycom@master:/home/onycom -> 2025-11-08 10:39:46  sudo firewall-cmd --add-port=30080/tcp --permanent
2025-11-08 10:39:46 [3687382] onycom@master:/home/onycom -> 2025-11-08 10:39:46  sudo firewall-cmd --reload
2025-11-08 10:39:47 [3687382] onycom@master:/home/onycom -> 2025-11-08 10:39:46  sudo firewall-cmd --reload
2025-11-08 10:39:54 [3687382] onycom@master:/home/onycom -> 2025-11-08 10:39:54  kubectl -n iiac-viz logs -f deploy/iiac-viz
2025-11-08 10:41:47 [3687382] onycom@master:/home/onycom -> 2025-11-08 10:39:54  kubectl -n iiac-viz logs -f deploy/iiac-viz
2025-11-08 10:41:48 [3687382] onycom@master:/home/onycom -> 2025-11-08 10:39:54  kubectl -n iiac-viz logs -f deploy/iiac-viz
2025-11-08 10:41:48 [3687382] onycom@master:/home/onycom -> 2025-11-08 10:39:54  kubectl -n iiac-viz logs -f deploy/iiac-viz
2025-11-08 10:41:49 [3687382] onycom@master:/home/onycom -> 2025-11-08 10:41:49  ls
2025-11-08 10:41:49 [3687382] onycom@master:/home/onycom -> 2025-11-08 10:41:49  ls
2025-11-08 10:41:57 [3687382] onycom@master:/home/onycom -> 2025-11-08 10:41:57  nano iiac-viz-tomcat.yaml 
2025-11-08 10:44:14 [3687382] onycom@master:/home/onycom -> 2025-11-08 10:41:57  nano iiac-viz-tomcat.yaml 
2025-11-08 10:44:24 [3687382] onycom@master:/home/onycom -> 2025-11-08 10:44:24  kubectl apply -f iiac-viz-tomcat.yaml
2025-11-08 10:44:25 [3687382] onycom@master:/home/onycom -> 2025-11-08 10:44:25  kubectl -n iiac-viz rollout restart deploy/iiac-viz
2025-11-08 10:44:25 [3687382] onycom@master:/home/onycom -> 2025-11-08 10:44:25  kubectl -n iiac-viz logs -f deploy/iiac-viz
2025-11-08 10:44:44 [3687382] onycom@master:/home/onycom -> 2025-11-08 10:44:25  kubectl -n iiac-viz logs -f deploy/iiac-viz
2025-11-08 10:44:45 [3687382] onycom@master:/home/onycom -> 2025-11-08 10:44:25  kubectl -n iiac-viz logs -f deploy/iiac-viz
2025-11-08 10:44:45 [3687382] onycom@master:/home/onycom -> 2025-11-08 10:44:25  kubectl -n iiac-viz logs -f deploy/iiac-viz
2025-11-08 10:44:45 [3687382] onycom@master:/home/onycom -> 2025-11-08 10:44:25  kubectl -n iiac-viz logs -f deploy/iiac-viz
2025-11-08 10:44:58 [3687382] onycom@master:/home/onycom -> 2025-11-08 10:44:58  kubectl get nodes -o wide
2025-11-08 10:44:58 [3687382] onycom@master:/home/onycom -> 2025-11-08 10:44:58  kubectl get nodes -o wide
2025-11-08 10:45:03 [3687382] onycom@master:/home/onycom -> 2025-11-08 10:45:03  kubectl get svc -n iiac-viz
2025-11-08 10:45:03 [3687382] onycom@master:/home/onycom -> 2025-11-08 10:45:03  kubectl get svc -n iiac-viz
2025-11-08 10:45:04 [3687382] onycom@master:/home/onycom -> 2025-11-08 10:45:03  kubectl get svc -n iiac-viz
2025-11-08 10:45:10 [3687382] onycom@master:/home/onycom -> 2025-11-08 10:45:10  kubectl -n iiac-viz logs -f deploy/iiac-viz
2025-11-08 10:45:28 [3687382] onycom@master:/home/onycom -> 2025-11-08 10:45:10  kubectl -n iiac-viz logs -f deploy/iiac-viz
2025-11-08 10:45:47 [3687382] onycom@master:/home/onycom -> 2025-11-08 10:45:47  curl http://192.168.10.21:30080/
2025-11-08 10:45:47 [3687382] onycom@master:/home/onycom -> 2025-11-08 10:45:47  curl http://192.168.10.21:30080/
2025-11-08 10:45:48 [3687382] onycom@master:/home/onycom -> 2025-11-08 10:45:47  curl http://192.168.10.21:30080/
2025-11-08 10:45:48 [3687382] onycom@master:/home/onycom -> 2025-11-08 10:45:47  curl http://192.168.10.21:30080/
2025-11-08 10:45:59 [3687382] onycom@master:/home/onycom -> 2025-11-08 10:45:59  kubectl -n iiac-viz logs -f deploy/iiac-viz
2025-11-08 10:46:24 [3687382] onycom@master:/home/onycom -> 2025-11-08 10:45:59  kubectl -n iiac-viz logs -f deploy/iiac-viz
2025-11-08 10:46:35 [3687382] onycom@master:/home/onycom -> 2025-11-08 10:46:35  curl http://192.168.10.21:30080/
2025-11-08 10:46:35 [3687382] onycom@master:/home/onycom -> 2025-11-08 10:46:35  curl http://192.168.10.21:30080/
2025-11-08 10:48:56 [3691447] onycom@master:/home/onycom -> 
2025-11-08 10:48:56 [3691447] onycom@master:/home/onycom -> 
2025-11-08 10:48:56 [3691447] onycom@master:/home/onycom -> 
2025-11-08 10:50:47 [3687382] onycom@master:/home/onycom -> 2025-11-08 10:46:35  curl http://192.168.10.21:30080/
2025-11-08 10:50:47 [3687382] onycom@master:/home/onycom -> 2025-11-08 10:46:35  curl http://192.168.10.21:30080/
2025-11-08 10:50:50 [3687382] onycom@master:/home/onycom -> 2025-11-08 10:50:50  kubectl -n iiac-viz cp analysis_viz-0.0.1-SNAPSHOT.war iiac-viz-5bd697d78d-qsb6g:/usr/local/tomcat/webapps/ROOT.war
2025-11-08 10:50:50 [3687382] onycom@master:/home/onycom -> 2025-11-08 10:50:50  kubectl -n iiac-viz cp analysis_viz-0.0.1-SNAPSHOT.war iiac-viz-5bd697d78d-qsb6g:/usr/local/tomcat/webapps/ROOT.war
2025-11-08 10:51:00 [3687382] onycom@master:/home/onycom -> 2025-11-08 10:51:00  kubectl get nodes -o wide
2025-11-08 10:51:00 [3687382] onycom@master:/home/onycom -> 2025-11-08 10:51:00  kubectl get nodes -o wide
2025-11-08 10:51:12 [3687382] onycom@master:/home/onycom -> 2025-11-08 10:51:12  kubectl get svc -n iiac-viz
2025-11-08 10:51:12 [3687382] onycom@master:/home/onycom -> 2025-11-08 10:51:12  kubectl get svc -n iiac-viz
2025-11-08 10:51:13 [3687382] onycom@master:/home/onycom -> 2025-11-08 10:51:12  kubectl get svc -n iiac-viz
2025-11-08 10:51:13 [3687382] onycom@master:/home/onycom -> 2025-11-08 10:51:12  kubectl get svc -n iiac-viz
2025-11-08 10:51:40 [3687382] onycom@master:/home/onycom -> 2025-11-08 10:51:40  kubectl -n iiac-viz get pods
2025-11-08 10:51:40 [3687382] onycom@master:/home/onycom -> 2025-11-08 10:51:40  kubectl -n iiac-viz get pods
2025-11-08 10:51:41 [3687382] onycom@master:/home/onycom -> 2025-11-08 10:51:40  kubectl -n iiac-viz get pods
2025-11-08 10:51:42 [3687382] onycom@master:/home/onycom -> 2025-11-08 10:51:40  kubectl -n iiac-viz get pods
2025-11-08 10:52:15 [3687382] onycom@master:/home/onycom -> 2025-11-08 10:52:15  kubectl -n iiac-viz cp analysis_viz-0.0.1-SNAPSHOT.war iiac-viz-6db65d9f4f-v2zcb:/usr/local/tomcat/webapps/ROOT.war
2025-11-08 10:52:16 [3687382] onycom@master:/home/onycom -> 2025-11-08 10:52:15  kubectl -n iiac-viz cp analysis_viz-0.0.1-SNAPSHOT.war iiac-viz-6db65d9f4f-v2zcb:/usr/local/tomcat/webapps/ROOT.war
2025-11-08 10:52:43 [3687382] onycom@master:/home/onycom -> 2025-11-08 10:52:43  kubectl -n iiac-viz delete pod iiac-viz-6db65d9f4f-v2zcb
2025-11-08 10:52:48 [3687382] onycom@master:/home/onycom -> 2025-11-08 10:52:48  kubectl -n iiac-viz get pods -w
2025-11-08 10:53:07 [3687382] onycom@master:/home/onycom -> 2025-11-08 10:52:48  kubectl -n iiac-viz get pods -w
2025-11-08 10:53:07 [3687382] onycom@master:/home/onycom -> 2025-11-08 10:52:48  kubectl -n iiac-viz get pods -w
2025-11-08 10:53:08 [3687382] onycom@master:/home/onycom -> 2025-11-08 10:52:48  kubectl -n iiac-viz get pods -w
2025-11-08 10:53:09 [3687382] onycom@master:/home/onycom -> 2025-11-08 10:53:09  kubectl -n iiac-viz logs -f deploy/iiac-viz
2025-11-08 10:53:14 [3687382] onycom@master:/home/onycom -> 2025-11-08 10:53:09  kubectl -n iiac-viz logs -f deploy/iiac-viz
2025-11-08 10:53:25 [3687382] onycom@master:/home/onycom -> 2025-11-08 10:53:25  kubectl -n iiac-viz get pods -w
2025-11-08 10:53:34 [3687382] onycom@master:/home/onycom -> 2025-11-08 10:53:25  kubectl -n iiac-viz get pods -w
2025-11-08 10:53:46 [3687382] onycom@master:/home/onycom -> 2025-11-08 10:53:46  kubectl -n iiac-viz logs -f deploy/iiac-viz
2025-11-08 10:54:28 [3687382] onycom@master:/home/onycom -> 2025-11-08 10:53:46  kubectl -n iiac-viz logs -f deploy/iiac-viz
2025-11-08 10:54:36 [3687382] onycom@master:/home/onycom -> 2025-11-08 10:54:36  http://192.168.10.21:30080/http://192.168.10.21:30080/http://192.168.10.21:30080/
2025-11-08 10:54:36 [3687382] onycom@master:/home/onycom -> 2025-11-08 10:54:36  http://192.168.10.21:30080/http://192.168.10.21:30080/http://192.168.10.21:30080/
2025-11-08 10:54:37 [3687382] onycom@master:/home/onycom -> 2025-11-08 10:54:37  http://192.168.10.21:30080/
2025-11-08 10:54:37 [3687382] onycom@master:/home/onycom -> 2025-11-08 10:54:37  http://192.168.10.21:30080/
2025-11-08 10:54:42 [3687382] onycom@master:/home/onycom -> 2025-11-08 10:54:42  curl http://192.168.10.21:30080/
2025-11-08 10:54:42 [3687382] onycom@master:/home/onycom -> 2025-11-08 10:54:42  curl http://192.168.10.21:30080/
2025-11-08 10:54:43 [3687382] onycom@master:/home/onycom -> 2025-11-08 10:54:42  curl http://192.168.10.21:30080/
2025-11-08 10:54:43 [3687382] onycom@master:/home/onycom -> 2025-11-08 10:54:42  curl http://192.168.10.21:30080/
2025-11-08 10:54:58 [3687382] onycom@master:/home/onycom -> 2025-11-08 10:54:58  curl http://192.168.10.21:30080/home
2025-11-08 10:54:58 [3687382] onycom@master:/home/onycom -> 2025-11-08 10:54:58  curl http://192.168.10.21:30080/home
2025-11-08 10:55:02 [3687382] onycom@master:/home/onycom -> 2025-11-08 10:55:02  curl http://192.168.10.21:30080/index.html
2025-11-08 10:55:02 [3687382] onycom@master:/home/onycom -> 2025-11-08 10:55:02  curl http://192.168.10.21:30080/index.html
2025-11-08 10:55:26 [3687382] onycom@master:/home/onycom -> 2025-11-08 10:55:26  curl http://192.168.10.21:30080/home.html
2025-11-08 10:55:26 [3687382] onycom@master:/home/onycom -> 2025-11-08 10:55:26  curl http://192.168.10.21:30080/home.html
2025-11-08 11:09:53 [3697485] onycom@master:/home/onycom -> 
2025-11-08 11:09:53 [3697485] onycom@master:/home/onycom -> 
2025-11-08 11:09:53 [3697485] onycom@master:/home/onycom -> 2025-11-08 10:55:26  curl http://192.168.10.21:30080/home.html
2025-11-08 11:09:54 [3697575] onycom@master:/home/onycom -> 
2025-11-08 11:09:54 [3697575] onycom@master:/home/onycom -> 
2025-11-08 11:09:54 [3697575] onycom@master:/home/onycom -> 
2025-11-08 11:09:58 [3697485] onycom@master:/home/onycom -> 2025-11-08 11:09:58  kubectl -n iiac-viz exec -it $(kubectl -n iiac-viz get po -l app=iiac-viz -o name) -- bash
2025-11-08 11:10:34 [3697485] onycom@master:/home/onycom -> 2025-11-08 11:09:58  kubectl -n iiac-viz exec -it $(kubectl -n iiac-viz get po -l app=iiac-viz -o name) -- bash
2025-11-08 11:10:35 [3697485] onycom@master:/home/onycom -> 2025-11-08 11:10:35  ls
2025-11-08 11:10:35 [3697485] onycom@master:/home/onycom -> 2025-11-08 11:10:35  ls
2025-11-08 11:10:38 [3697485] onycom@master:/home/onycom -> 2025-11-08 11:10:38  ls -al
2025-11-08 11:10:38 [3697485] onycom@master:/home/onycom -> 2025-11-08 11:10:38  ls -al
2025-11-08 11:11:32 [3697485] onycom@master:/home/onycom -> 2025-11-08 11:10:38  ls -al
2025-11-08 11:11:33 [3697485] onycom@master:/home/onycom -> 2025-11-08 11:11:33  kubectl -n iiac-viz cp analysis_viz_app-0.0.1-SNAPSHOT.war   $(kubectl -n iiac-viz get po -l app=iiac-viz -o name | sed 's|pod/||'):/usr/local/tomcat/webapps/ROOT.war
2025-11-08 11:11:33 [3697485] onycom@master:/home/onycom -> 2025-11-08 11:11:33  kubectl -n iiac-viz cp analysis_viz_app-0.0.1-SNAPSHOT.war   $(kubectl -n iiac-viz get po -l app=iiac-viz -o name | sed 's|pod/||'):/usr/local/tomcat/webapps/ROOT.war
2025-11-08 11:11:51 [3697485] onycom@master:/home/onycom -> 2025-11-08 11:11:51  kubectl -n iiac-viz cp analysis_viz-0.0.1-SNAPSHOT.war   $(kubectl -n iiac-viz get po -l app=iiac-viz -o name | sed 's|pod/||'):/usr/local/tomcat/webapps/ROOT.war
2025-11-08 11:11:53 [3697485] onycom@master:/home/onycom -> 2025-11-08 11:11:51  kubectl -n iiac-viz cp analysis_viz-0.0.1-SNAPSHOT.war   $(kubectl -n iiac-viz get po -l app=iiac-viz -o name | sed 's|pod/||'):/usr/local/tomcat/webapps/ROOT.war
2025-11-08 11:11:58 [3697485] onycom@master:/home/onycom -> 2025-11-08 11:11:58  kubectl -n iiac-viz rollout restart deploy/iiac-viz
2025-11-08 11:11:58 [3697485] onycom@master:/home/onycom -> 2025-11-08 11:11:58  kubectl -n iiac-viz rollout restart deploy/iiac-viz
2025-11-08 11:11:58 [3697485] onycom@master:/home/onycom -> 2025-11-08 11:11:58  kubectl -n iiac-viz rollout restart deploy/iiac-viz
2025-11-08 11:12:02 [3697485] onycom@master:/home/onycom -> 2025-11-08 11:12:02  kubectl -n iiac-viz logs -f deploy/iiac-viz
2025-11-08 11:12:08 [3697485] onycom@master:/home/onycom -> 2025-11-08 11:12:02  kubectl -n iiac-viz logs -f deploy/iiac-viz
2025-11-08 11:12:08 [3697485] onycom@master:/home/onycom -> 2025-11-08 11:12:02  kubectl -n iiac-viz logs -f deploy/iiac-viz
2025-11-08 11:13:19 [3697485] onycom@master:/home/onycom -> 2025-11-08 11:12:02  kubectl -n iiac-viz logs -f deploy/iiac-viz
2025-11-08 11:13:27 [3697485] onycom@master:/home/onycom -> 2025-11-08 11:12:02  kubectl -n iiac-viz logs -f deploy/iiac-viz
2025-11-08 11:13:34 [3697485] onycom@master:/home/onycom -> 2025-11-08 11:13:34  curl http://192.168.10.21:30080/home.html
2025-11-08 11:13:35 [3697485] onycom@master:/home/onycom -> 2025-11-08 11:13:34  curl http://192.168.10.21:30080/home.html
2025-11-08 11:13:38 [3697485] onycom@master:/home/onycom -> 2025-11-08 11:13:34  curl http://192.168.10.21:30080/home.html
2025-11-08 11:16:40 [3697485] onycom@master:/home/onycom -> 2025-11-08 11:13:34  curl http://192.168.10.21:30080/home.html
2025-11-08 11:16:40 [3697485] onycom@master:/home/onycom -> 2025-11-08 11:13:34  curl http://192.168.10.21:30080/home.html
2025-11-08 11:16:40 [3697485] onycom@master:/home/onycom -> 2025-11-08 11:13:34  curl http://192.168.10.21:30080/home.html
2025-11-08 11:16:40 [3697485] onycom@master:/home/onycom -> 2025-11-08 11:13:34  curl http://192.168.10.21:30080/home.html
2025-11-08 11:16:41 [3697485] onycom@master:/home/onycom -> 2025-11-08 11:13:34  curl http://192.168.10.21:30080/home.html
2025-11-08 11:16:43 [3697485] onycom@master:/home/onycom -> 2025-11-08 11:16:43  curl http://192.168.10.21:30080
2025-11-08 11:16:43 [3697485] onycom@master:/home/onycom -> 2025-11-08 11:16:43  curl http://192.168.10.21:30080
2025-11-08 11:16:44 [3697485] onycom@master:/home/onycom -> 2025-11-08 11:16:43  curl http://192.168.10.21:30080
2025-11-08 11:16:44 [3697485] onycom@master:/home/onycom -> 2025-11-08 11:16:43  curl http://192.168.10.21:30080
2025-11-08 11:16:55 [3697485] onycom@master:/home/onycom -> 2025-11-08 11:16:55  kubectl -n iiac-viz logs -f deploy/iiac-viz
2025-11-08 11:17:15 [3697485] onycom@master:/home/onycom -> 2025-11-08 11:16:55  kubectl -n iiac-viz logs -f deploy/iiac-viz
2025-11-08 11:17:47 [3697485] onycom@master:/home/onycom -> 2025-11-08 11:17:47  kubectl -n iiac-viz get svc,endpoints
2025-11-08 11:17:47 [3697485] onycom@master:/home/onycom -> 2025-11-08 11:17:47  kubectl -n iiac-viz get svc,endpoints
2025-11-08 11:17:56 [3697485] onycom@master:/home/onycom -> 2025-11-08 11:17:56  kubectl -n iiac-viz exec -it deploy/iiac-viz -- curl -s http://localhost:8080/ | head
2025-11-08 11:17:56 [3697485] onycom@master:/home/onycom -> 2025-11-08 11:17:56  kubectl -n iiac-viz exec -it deploy/iiac-viz -- curl -s http://localhost:8080/ | head
2025-11-08 11:17:56 [3697485] onycom@master:/home/onycom -> 2025-11-08 11:17:56  kubectl -n iiac-viz exec -it deploy/iiac-viz -- curl -s http://localhost:8080/ | head
2025-11-08 11:17:57 [3697485] onycom@master:/home/onycom -> 2025-11-08 11:17:56  kubectl -n iiac-viz exec -it deploy/iiac-viz -- curl -s http://localhost:8080/ | head
2025-11-08 11:46:26 [3707441] onycom@master:/home/onycom -> 
2025-11-08 11:46:26 [3707441] onycom@master:/home/onycom -> 
2025-11-08 11:46:26 [3707441] onycom@master:/home/onycom -> 
2025-11-08 11:50:16 [3708484] onycom@master:/home/onycom -> 
2025-11-08 11:50:16 [3708484] onycom@master:/home/onycom -> 
2025-11-08 11:50:16 [3708484] onycom@master:/home/onycom -> 2025-11-08 11:17:56  kubectl -n iiac-viz exec -it deploy/iiac-viz -- curl -s http://localhost:8080/ | head
2025-11-08 11:50:16 [3708580] onycom@master:/home/onycom -> 
2025-11-08 11:50:16 [3708580] onycom@master:/home/onycom -> 
2025-11-08 11:50:16 [3708580] onycom@master:/home/onycom -> 
2025-11-08 11:50:17 [3708484] onycom@master:/home/onycom -> 2025-11-08 11:17:56  kubectl -n iiac-viz exec -it deploy/iiac-viz -- curl -s http://localhost:8080/ | head
2025-11-08 11:50:35 [3708484] onycom@master:/home/onycom -> 2025-11-08 11:17:56  kubectl -n iiac-viz exec -it deploy/iiac-viz -- curl -s http://localhost:8080/ | head
2025-11-08 11:50:43 [3708484] onycom@master:/home/onycom -> 2025-11-08 11:17:56  kubectl -n iiac-viz exec -it deploy/iiac-viz -- curl -s http://localhost:8080/ | head
2025-11-08 11:50:43 [3708484] onycom@master:/home/onycom -> 2025-11-08 11:17:56  kubectl -n iiac-viz exec -it deploy/iiac-viz -- curl -s http://localhost:8080/ | head
2025-11-08 11:51:03 [3708484] onycom@master:/home/onycom -> 2025-11-08 11:17:56  kubectl -n iiac-viz exec -it deploy/iiac-viz -- curl -s http://localhost:8080/ | head
2025-11-08 11:51:06 [3708484] onycom@master:/home/onycom -> 2025-11-08 11:51:06  kubectl -n iiac-viz get svc,endpoints
2025-11-08 11:51:06 [3708484] onycom@master:/home/onycom -> 2025-11-08 11:51:06  kubectl -n iiac-viz get svc,endpoints
2025-11-08 11:51:20 [3708484] onycom@master:/home/onycom -> 2025-11-08 11:51:20  kubectl -n iiac-viz cp analysis_viz-0.0.1-SNAPSHOT.war   $(kubectl -n iiac-viz get po -l app=iiac-viz -o name | sed 's|pod/||'):/usr/local/tomcat/webapps/ROOT.war
2025-11-08 11:51:22 [3708484] onycom@master:/home/onycom -> 2025-11-08 11:51:20  kubectl -n iiac-viz cp analysis_viz-0.0.1-SNAPSHOT.war   $(kubectl -n iiac-viz get po -l app=iiac-viz -o name | sed 's|pod/||'):/usr/local/tomcat/webapps/ROOT.war
2025-11-08 11:51:24 [3708484] onycom@master:/home/onycom -> 2025-11-08 11:51:20  kubectl -n iiac-viz cp analysis_viz-0.0.1-SNAPSHOT.war   $(kubectl -n iiac-viz get po -l app=iiac-viz -o name | sed 's|pod/||'):/usr/local/tomcat/webapps/ROOT.war
2025-11-08 11:51:24 [3708484] onycom@master:/home/onycom -> 2025-11-08 11:51:20  kubectl -n iiac-viz cp analysis_viz-0.0.1-SNAPSHOT.war   $(kubectl -n iiac-viz get po -l app=iiac-viz -o name | sed 's|pod/||'):/usr/local/tomcat/webapps/ROOT.war
2025-11-08 11:51:40 [3708484] onycom@master:/home/onycom -> 2025-11-08 11:51:40  kubectl -n iiac-viz rollout restart deploy/iiac-viz deployment.apps/iiac-viz restarted 
2025-11-08 11:51:40 [3708484] onycom@master:/home/onycom -> 2025-11-08 11:51:40  kubectl -n iiac-viz rollout restart deploy/iiac-viz deployment.apps/iiac-viz restarted 
2025-11-08 11:52:30 [3708484] onycom@master:/home/onycom -> 2025-11-08 11:51:40  kubectl -n iiac-viz rollout restart deploy/iiac-viz deployment.apps/iiac-viz restarted 
2025-11-08 11:52:31 [3708484] onycom@master:/home/onycom -> 2025-11-08 11:52:31  ls -l analysis_viz-0.0.1-SNAPSHOT.war
2025-11-08 11:52:31 [3708484] onycom@master:/home/onycom -> 2025-11-08 11:52:31  ls -l analysis_viz-0.0.1-SNAPSHOT.war
2025-11-08 11:52:57 [3708484] onycom@master:/home/onycom -> 2025-11-08 11:52:31  ls -l analysis_viz-0.0.1-SNAPSHOT.war
2025-11-08 11:52:58 [3708484] onycom@master:/home/onycom -> 2025-11-08 11:52:58  NS=iiac-viz
2025-11-08 11:52:58 [3708484] onycom@master:/home/onycom -> 2025-11-08 11:52:58  POD=$(kubectl -n "$NS" get pods -l app=iiac-viz \
  -o jsonpath='{.items[0].metadata.name}')
2025-11-08 11:52:58 [3708484] onycom@master:/home/onycom -> 2025-11-08 11:52:58  echo "$POD"
2025-11-08 11:52:58 [3708484] onycom@master:/home/onycom -> 2025-11-08 11:52:58  echo "$POD"
2025-11-08 11:53:07 [3708484] onycom@master:/home/onycom -> 2025-11-08 11:53:07  kubectl -n "$NS" exec "$POD" -- sh -lc   'rm -rf /usr/local/tomcat/webapps/ROOT /usr/local/tomcat/webapps/ROOT.war'
2025-11-08 11:53:08 [3708484] onycom@master:/home/onycom -> 2025-11-08 11:53:07  kubectl -n "$NS" exec "$POD" -- sh -lc   'rm -rf /usr/local/tomcat/webapps/ROOT /usr/local/tomcat/webapps/ROOT.war'
2025-11-08 11:53:14 [3708484] onycom@master:/home/onycom -> 2025-11-08 11:53:14  kubectl -n "$NS" cp "$WAR" "$POD":/usr/local/tomcat/webapps/ROOT.war
2025-11-08 11:53:14 [3708484] onycom@master:/home/onycom -> 2025-11-08 11:53:14  kubectl -n "$NS" cp "$WAR" "$POD":/usr/local/tomcat/webapps/ROOT.war
2025-11-08 11:53:24 [3708484] onycom@master:/home/onycom -> 2025-11-08 11:53:24  pwd
2025-11-08 11:53:24 [3708484] onycom@master:/home/onycom -> 2025-11-08 11:53:24  pwd
2025-11-08 11:53:46 [3708484] onycom@master:/home/onycom -> 2025-11-08 11:53:46  WAR="/home/onycom/analysis_viz-0.0.1-SNAPSHOT.war"
2025-11-08 11:53:46 [3708484] onycom@master:/home/onycom -> 2025-11-08 11:53:46  WAR="/home/onycom/analysis_viz-0.0.1-SNAPSHOT.war"
2025-11-08 11:53:50 [3708484] onycom@master:/home/onycom -> 2025-11-08 11:53:50  kubectl -n "$NS" cp "$WAR" "$POD":/usr/local/tomcat/webapps/ROOT.war
2025-11-08 11:53:52 [3708484] onycom@master:/home/onycom -> 2025-11-08 11:53:50  kubectl -n "$NS" cp "$WAR" "$POD":/usr/local/tomcat/webapps/ROOT.war
2025-11-08 11:54:10 [3708484] onycom@master:/home/onycom -> 2025-11-08 11:54:10  kubectl -n "$NS" rollout restart deploy/iiac-viz
2025-11-08 11:54:10 [3708484] onycom@master:/home/onycom -> 2025-11-08 11:54:10  kubectl -n "$NS" rollout restart deploy/iiac-viz
2025-11-08 11:54:11 [3708484] onycom@master:/home/onycom -> 2025-11-08 11:54:10  kubectl -n "$NS" rollout restart deploy/iiac-viz
2025-11-08 11:54:15 [3708484] onycom@master:/home/onycom -> 2025-11-08 11:54:15  kubectl -n "$NS" rollout status deploy/iiac-viz --timeout=180s
2025-11-08 11:54:15 [3708484] onycom@master:/home/onycom -> 2025-11-08 11:54:15  kubectl -n "$NS" rollout status deploy/iiac-viz --timeout=180s
2025-11-08 11:54:34 [3708484] onycom@master:/home/onycom -> 2025-11-08 11:54:15  kubectl -n "$NS" rollout status deploy/iiac-viz --timeout=180s
2025-11-08 11:54:35 [3708484] onycom@master:/home/onycom -> 2025-11-08 11:54:35  kubectl -n "$NS" get pods -l app=iiac-viz -o wide
2025-11-08 11:54:35 [3708484] onycom@master:/home/onycom -> 2025-11-08 11:54:35  kubectl -n "$NS" get svc,endpoints
2025-11-08 11:54:35 [3708484] onycom@master:/home/onycom -> 2025-11-08 11:54:35  kubectl -n "$NS" get svc,endpoints
2025-11-08 11:56:44 [3708484] onycom@master:/home/onycom -> 2025-11-08 11:56:44  curl -I http://192.168.0.21:30080/
2025-11-08 11:56:54 [3708484] onycom@master:/home/onycom -> 2025-11-08 11:56:44  curl -I http://192.168.0.21:30080/
2025-11-08 11:56:55 [3708484] onycom@master:/home/onycom -> 2025-11-08 11:56:55  kubectl get nodes -o wide
2025-11-08 11:56:55 [3708484] onycom@master:/home/onycom -> 2025-11-08 11:56:55  kubectl get nodes -o wide
2025-11-08 11:57:22 [3708484] onycom@master:/home/onycom -> 2025-11-08 11:57:22  kubectl -n iiac-viz port-forward svc/iiac-viz-svc 18080:80
2025-11-08 11:57:34 [3708484] onycom@master:/home/onycom -> 2025-11-08 11:57:22  kubectl -n iiac-viz port-forward svc/iiac-viz-svc 18080:80
2025-11-08 11:57:35 [3708484] onycom@master:/home/onycom -> 2025-11-08 11:57:22  kubectl -n iiac-viz port-forward svc/iiac-viz-svc 18080:80
2025-11-08 11:57:35 [3708484] onycom@master:/home/onycom -> 2025-11-08 11:57:35  curl -I http://localhost:18080/
2025-11-08 11:57:35 [3708484] onycom@master:/home/onycom -> 2025-11-08 11:57:35  curl -I http://localhost:18080/
2025-11-08 11:57:38 [3708484] onycom@master:/home/onycom -> 2025-11-08 11:57:38  kubectl -n iiac-viz port-forward svc/iiac-viz-svc 18080:80
2025-11-08 11:57:39 [3708484] onycom@master:/home/onycom -> 2025-11-08 11:57:38  kubectl -n iiac-viz port-forward svc/iiac-viz-svc 18080:80
2025-11-08 11:57:40 [3708484] onycom@master:/home/onycom -> 2025-11-08 11:57:38  kubectl -n iiac-viz port-forward svc/iiac-viz-svc 18080:80
2025-11-08 11:57:40 [3708484] onycom@master:/home/onycom -> 2025-11-08 11:57:38  kubectl -n iiac-viz port-forward svc/iiac-viz-svc 18080:80
2025-11-08 11:57:56 [3708484] onycom@master:/home/onycom -> 2025-11-08 11:57:56  kubectl -n iiac-viz get pods -o wide
2025-11-08 11:57:56 [3708484] onycom@master:/home/onycom -> 2025-11-08 11:57:56  kubectl -n iiac-viz get pods -o wide
2025-11-08 11:58:05 [3708484] onycom@master:/home/onycom -> 2025-11-08 11:58:05  kubectl -n iiac-viz exec -it iiac-viz-65994d985-8gndm -- /bin/bash
2025-11-08 11:59:21 [3708484] onycom@master:/home/onycom -> 2025-11-08 11:58:05  kubectl -n iiac-viz exec -it iiac-viz-65994d985-8gndm -- /bin/bash
2025-11-08 11:59:22 [3708484] onycom@master:/home/onycom -> 2025-11-08 11:59:22  NS=iiac-viz
2025-11-08 11:59:22 [3708484] onycom@master:/home/onycom -> 2025-11-08 11:59:22  POD=$(kubectl -n "$NS" get pods -l app=iiac-viz -o jsonpath='{.items[0].metadata.name}')
2025-11-08 11:59:22 [3708484] onycom@master:/home/onycom -> 2025-11-08 11:59:22  echo "$POD"
2025-11-08 11:59:22 [3708484] onycom@master:/home/onycom -> 2025-11-08 11:59:22  echo "$POD"
2025-11-08 11:59:29 [3708484] onycom@master:/home/onycom -> 2025-11-08 11:59:29  WAR="/home/onycom/analysis_viz-0.0.1-SNAPSHOT.war"
2025-11-08 11:59:29 [3708484] onycom@master:/home/onycom -> 2025-11-08 11:59:29  kubectl -n "$NS" cp "$WAR" "$POD":/usr/local/tomcat/webapps/ROOT.war
2025-11-08 11:59:31 [3708484] onycom@master:/home/onycom -> 2025-11-08 11:59:29  kubectl -n "$NS" cp "$WAR" "$POD":/usr/local/tomcat/webapps/ROOT.war
2025-11-08 11:59:35 [3708484] onycom@master:/home/onycom -> 2025-11-08 11:59:35  kubectl -n "$NS" exec -it "$POD" -- sh -lc 'ls -al /usr/local/tomcat/webapps; sleep 3; ls -al /usr/local/tomcat/webapps/ROOT | head || true'
2025-11-08 11:59:39 [3708484] onycom@master:/home/onycom -> 2025-11-08 11:59:35  kubectl -n "$NS" exec -it "$POD" -- sh -lc 'ls -al /usr/local/tomcat/webapps; sleep 3; ls -al /usr/local/tomcat/webapps/ROOT | head || true'
2025-11-08 11:59:42 [3708484] onycom@master:/home/onycom -> 2025-11-08 11:59:42  kubectl -n "$NS" logs "$POD" --tail=200 | egrep -i 'deploy|startup|Started|Initializing'
2025-11-08 11:59:42 [3708484] onycom@master:/home/onycom -> 2025-11-08 11:59:42  kubectl -n "$NS" logs "$POD" --tail=200 | egrep -i 'deploy|startup|Started|Initializing'
2025-11-08 11:59:42 [3708484] onycom@master:/home/onycom -> 2025-11-08 11:59:42  kubectl -n "$NS" logs "$POD" --tail=200 | egrep -i 'deploy|startup|Started|Initializing'
2025-11-08 12:00:00 [3708484] onycom@master:/home/onycom -> 2025-11-08 11:59:42  kubectl -n "$NS" logs "$POD" --tail=200 | egrep -i 'deploy|startup|Started|Initializing'
2025-11-08 12:00:01 [3708484] onycom@master:/home/onycom -> 2025-11-08 12:00:01  kubectl -n "$NS" exec -it "$POD" -- sh -lc 'wget -qO- http://127.0.0.1:8080/ | head -n 20 || true'
2025-11-08 12:00:01 [3708484] onycom@master:/home/onycom -> 2025-11-08 12:00:01  kubectl -n "$NS" exec -it "$POD" -- sh -lc 'wget -qO- http://127.0.0.1:8080/ | head -n 20 || true'
2025-11-08 12:00:51 [3708484] onycom@master:/home/onycom -> 2025-11-08 12:00:01  kubectl -n "$NS" exec -it "$POD" -- sh -lc 'wget -qO- http://127.0.0.1:8080/ | head -n 20 || true'
2025-11-08 12:00:52 [3708484] onycom@master:/home/onycom -> 2025-11-08 12:00:51  [onycom@master ~]$ WAR="/home/onycom/analysis_viz-0.0.1-SNAPSHOT.war"
2025-11-08 12:00:52 [3708484] onycom@master:/home/onycom -> 2025-11-08 12:00:52  kubectl -n "$NS" cp "$WAR" "$POD":/usr/local/tomcat/webapps/ROOT.war
2025-11-08 12:00:53 [3708484] onycom@master:/home/onycom -> 2025-11-08 12:00:53  [onycom@master ~]$ kubectl -n "$NS" exec -it "$POD" -- sh -lc 'ls -al /usr/local/tomcat/webapps; sleep 3; ls -al /usr/local/tomcat/webapps/ROOT | head || true'
2025-11-08 12:00:53 [3708484] onycom@master:/home/onycom -> 2025-11-08 12:00:53  total 200624
2025-11-08 12:00:53 [3708484] onycom@master:/home/onycom -> 2025-11-08 12:00:53  drwxrwxrwx 3 root   root        4096 Nov  8 02:59 .
2025-11-08 12:00:53 [3708484] onycom@master:/home/onycom -> 2025-11-08 12:00:53  drwxr-xr-x 1 root   root        4096 Oct 14 18:03 ..
2025-11-08 12:00:54 [3708484] onycom@master:/home/onycom -> 2025-11-08 12:00:54  drwxr-x--- 5 root   root        4096 Nov  8 02:59 ROOT
2025-11-08 12:00:54 [3708484] onycom@master:/home/onycom -> 2025-11-08 12:00:54  -rwxr-xr-x 1 ubuntu ubuntu 205419306 Nov  8 02:59 ROOT.war
2025-11-08 12:00:54 [3708484] onycom@master:/home/onycom -> 2025-11-08 12:00:54  total 20
2025-11-08 12:00:54 [3708484] onycom@master:/home/onycom -> 2025-11-08 12:00:54  drwxr-x--- 5 root root 4096 Nov  8 02:59 .
2025-11-08 12:00:54 [3708484] onycom@master:/home/onycom -> 2025-11-08 12:00:54  drwxrwxrwx 3 root root 4096 Nov  8 02:59 ..
2025-11-08 12:00:54 [3708484] onycom@master:/home/onycom -> 2025-11-08 12:00:54  drwxr-x--- 3 root root 4096 Nov  8 02:59 META-INF
2025-11-08 12:00:54 [3708484] onycom@master:/home/onycom -> 2025-11-08 12:00:54  drwxr-x--- 3 root root 4096 Nov  8 02:59 org
2025-11-08 12:00:55 [3708484] onycom@master:/home/onycom -> 2025-11-08 12:00:55  drwxr-x--- 5 root root 4096 Nov  8 02:59 WEB-INF
2025-11-08 12:00:55 [3708484] onycom@master:/home/onycom -> 2025-11-08 12:00:55  [onycom@master ~]$ kubectl -n "$NS" logs "$POD" --tail=200 | egrep -i 'deploy|startup|Started|Initializing'
2025-11-08 12:00:55 [3708484] onycom@master:/home/onycom -> 2025-11-08 12:00:55  [onycom@master ~]$ kubectl -n "$NS" logs "$POD" --tail=200 | egrep -i 'deploy|startup|Started|Initializing'
2025-11-08 12:00:55 [3708484] onycom@master:/home/onycom -> 2025-11-08 12:00:55  08-Nov-2025 02:54:11.828 INFO [main] org.apache.catalina.startup.VersionLoggerListener.log Server version name:   Apache Tomcat/10.1.48
2025-11-08 12:00:55 [3708484] onycom@master:/home/onycom -> 2025-11-08 12:00:55  08-Nov-2025 02:54:11.831 INFO [main] org.apache.catalina.startup.VersionLoggerListener.log Server built:          Oct 10 2025 14:33:56 UTC
2025-11-08 12:00:55 [3708484] onycom@master:/home/onycom -> 2025-11-08 12:00:55  08-Nov-2025 02:54:11.832 INFO [main] org.apache.catalina.startup.VersionLoggerListener.log Server version number: 10.1.48.0
2025-11-08 12:00:55 [3708484] onycom@master:/home/onycom -> 2025-11-08 12:00:55  08-Nov-2025 02:54:11.832 INFO [main] org.apache.catalina.startup.VersionLoggerListener.log OS Name:               Linux
2025-11-08 12:00:56 [3708484] onycom@master:/home/onycom -> 2025-11-08 12:00:56  08-Nov-2025 02:54:11.832 INFO [main] org.apache.catalina.startup.VersionLoggerListener.log OS Version:            6.8.0-83-generic
2025-11-08 12:00:56 [3708484] onycom@master:/home/onycom -> 2025-11-08 12:00:56  08-Nov-2025 02:54:11.832 INFO [main] org.apache.catalina.startup.VersionLoggerListener.log Architecture:          amd64
2025-11-08 12:00:56 [3708484] onycom@master:/home/onycom -> 2025-11-08 12:00:56  08-Nov-2025 02:54:11.832 INFO [main] org.apache.catalina.startup.VersionLoggerListener.log Java Home:             /opt/java/openjdk
2025-11-08 12:00:56 [3708484] onycom@master:/home/onycom -> 2025-11-08 12:00:56  08-Nov-2025 02:54:11.832 INFO [main] org.apache.catalina.startup.VersionLoggerListener.log JVM Version:           17.0.16+8
2025-11-08 12:00:56 [3708484] onycom@master:/home/onycom -> 2025-11-08 12:00:56  08-Nov-2025 02:54:11.832 INFO [main] org.apache.catalina.startup.VersionLoggerListener.log JVM Vendor:            Eclipse Adoptium
2025-11-08 12:00:56 [3708484] onycom@master:/home/onycom -> 2025-11-08 12:00:56  08-Nov-2025 02:54:11.832 INFO [main] org.apache.catalina.startup.VersionLoggerListener.log CATALINA_BASE:         /usr/local/tomcat
2025-11-08 12:00:56 [3708484] onycom@master:/home/onycom -> 2025-11-08 12:00:56  08-Nov-2025 02:54:11.833 INFO [main] org.apache.catalina.startup.VersionLoggerListener.log CATALINA_HOME:         /usr/local/tomcat
2025-11-08 12:00:57 [3708484] onycom@master:/home/onycom -> 2025-11-08 12:00:57  08-Nov-2025 02:54:11.839 INFO [main] org.apache.catalina.startup.VersionLoggerListener.log Command line argument: -Djava.util.logging.config.file=/usr/local/tomcat/conf/logging.properties
2025-11-08 12:00:57 [3708484] onycom@master:/home/onycom -> 2025-11-08 12:00:57  08-Nov-2025 02:54:11.839 INFO [main] org.apache.catalina.startup.VersionLoggerListener.log Command line argument: -Djava.util.logging.manager=org.apache.juli.ClassLoaderLogManager
2025-11-08 12:00:57 [3708484] onycom@master:/home/onycom -> 2025-11-08 12:00:57  08-Nov-2025 02:54:11.839 INFO [main] org.apache.catalina.startup.VersionLoggerListener.log Command line argument: -Dspring.profiles.active=dev
2025-11-08 12:00:57 [3708484] onycom@master:/home/onycom -> 2025-11-08 12:00:57  08-Nov-2025 02:54:11.839 INFO [main] org.apache.catalina.startup.VersionLoggerListener.log Command line argument: -Djdk.tls.ephemeralDHKeySize=2048
2025-11-08 12:00:57 [3708484] onycom@master:/home/onycom -> 2025-11-08 12:00:57  08-Nov-2025 02:54:11.839 INFO [main] org.apache.catalina.startup.VersionLoggerListener.log Command line argument: -Djava.protocol.handler.pkgs=org.apache.catalina.webresources
2025-11-08 12:00:57 [3708484] onycom@master:/home/onycom -> 2025-11-08 12:00:57  08-Nov-2025 02:54:11.839 INFO [main] org.apache.catalina.startup.VersionLoggerListener.log Command line argument: -Dsun.io.useCanonCaches=false
2025-11-08 12:00:57 [3708484] onycom@master:/home/onycom -> 2025-11-08 12:00:57  08-Nov-2025 02:54:11.839 INFO [main] org.apache.catalina.startup.VersionLoggerListener.log Command line argument: -Dorg.apache.catalina.security.SecurityListener.UMASK=0027
2025-11-08 12:00:58 [3708484] onycom@master:/home/onycom -> 2025-11-08 12:00:58  08-Nov-2025 02:54:11.839 INFO [main] org.apache.catalina.startup.VersionLoggerListener.log Command line argument: --add-opens=java.base/java.lang=ALL-UNNAMED
2025-11-08 12:00:58 [3708484] onycom@master:/home/onycom -> 2025-11-08 12:00:58  08-Nov-2025 02:54:11.840 INFO [main] org.apache.catalina.startup.VersionLoggerListener.log Command line argument: --add-opens=java.base/java.lang.reflect=ALL-UNNAMED
2025-11-08 12:00:58 [3708484] onycom@master:/home/onycom -> 2025-11-08 12:00:58  08-Nov-2025 02:54:11.840 INFO [main] org.apache.catalina.startup.VersionLoggerListener.log Command line argument: --add-opens=java.base/java.io=ALL-UNNAMED
2025-11-08 12:00:58 [3708484] onycom@master:/home/onycom -> 2025-11-08 12:00:58  08-Nov-2025 02:54:11.840 INFO [main] org.apache.catalina.startup.VersionLoggerListener.log Command line argument: --add-opens=java.base/java.util=ALL-UNNAMED
2025-11-08 12:00:58 [3708484] onycom@master:/home/onycom -> 2025-11-08 12:00:58  08-Nov-2025 02:54:11.840 INFO [main] org.apache.catalina.startup.VersionLoggerListener.log Command line argument: --add-opens=java.base/java.util.concurrent=ALL-UNNAMED
2025-11-08 12:00:58 [3708484] onycom@master:/home/onycom -> 2025-11-08 12:00:58  08-Nov-2025 02:54:11.840 INFO [main] org.apache.catalina.startup.VersionLoggerListener.log Command line argument: --add-opens=java.rmi/sun.rmi.transport=ALL-UNNAMED
2025-11-08 12:00:59 [3708484] onycom@master:/home/onycom -> 2025-11-08 12:00:59  08-Nov-2025 02:54:11.840 INFO [main] org.apache.catalina.startup.VersionLoggerListener.log Command line argument: -Dcatalina.base=/usr/local/tomcat
2025-11-08 12:00:59 [3708484] onycom@master:/home/onycom -> 2025-11-08 12:00:59  08-Nov-2025 02:54:11.840 INFO [main] org.apache.catalina.startup.VersionLoggerListener.log Command line argument: -Dcatalina.home=/usr/local/tomcat
2025-11-08 12:00:59 [3708484] onycom@master:/home/onycom -> 2025-11-08 12:00:59  08-Nov-2025 02:54:11.840 INFO [main] org.apache.catalina.startup.VersionLoggerListener.log Command line argument: -Djava.io.tmpdir=/usr/local/tomcat/temp
2025-11-08 12:00:59 [3708484] onycom@master:/home/onycom -> 2025-11-08 12:00:59  08-Nov-2025 02:54:12.013 INFO [main] org.apache.coyote.AbstractProtocol.init Initializing ProtocolHandler ["http-nio-8080"]
2025-11-08 12:00:59 [3708484] onycom@master:/home/onycom -> 2025-11-08 12:00:59  08-Nov-2025 02:54:12.028 INFO [main] org.apache.catalina.startup.Catalina.load Server initialization in [305] milliseconds
2025-11-08 12:00:59 [3708484] onycom@master:/home/onycom -> 2025-11-08 12:00:59  08-Nov-2025 02:54:12.108 INFO [main] org.apache.catalina.startup.Catalina.start Server startup in [79] milliseconds
2025-11-08 12:00:59 [3708484] onycom@master:/home/onycom -> 2025-11-08 12:00:59  08-Nov-2025 02:59:32.167 INFO [Catalina-utility-2] org.apache.catalina.startup.HostConfig.deployWAR Deploying web application archive [/usr/local/tomcat/webapps/ROOT.war]
2025-11-08 12:01:00 [3708484] onycom@master:/home/onycom -> 2025-11-08 12:01:00  08-Nov-2025 02:59:38.474 INFO [Catalina-utility-2] org.apache.jasper.servlet.TldScanner.scanJars At least one JAR was scanned for TLDs yet contained no TLDs. Enable debug logging for this logger for a complete list of JARs that were scanned but no TLDs were found in them. Skipping unneeded JARs during scanning can improve startup time and JSP compilation time.
2025-11-08 12:01:00 [3708484] onycom@master:/home/onycom -> 2025-11-08 12:01:00  08-Nov-2025 02:59:41.345 INFO [Catalina-utility-2] org.apache.catalina.startup.HostConfig.deployWAR Deployment of web application archive [/usr/local/tomcat/webapps/ROOT.war] has finished in [9,178] ms
2025-11-08 12:01:00 [3708484] onycom@master:/home/onycom -> 2025-11-08 12:01:00  [onycom@master ~]$
2025-11-08 12:01:00 [3708484] onycom@master:/home/onycom -> 2025-11-08 12:01:00  [onycom@master ~]$ kubectl -n "$NS" exec -it "$POD" -- sh -lc 'wget -qO- http://127.0.0.1:8080/ | head -n 20 || true'
2025-11-08 12:01:00 [3708484] onycom@master:/home/onycom -> 2025-11-08 12:01:00  [onycom@master ~]$
2025-11-08 12:01:00 [3708484] onycom@master:/home/onycom -> 2025-11-08 12:01:00  [onycom@master ~]$
2025-11-08 12:01:17 [3708484] onycom@master:/home/onycom -> 2025-11-08 12:01:17  kubectl -n "$NS" logs "$POD" --tail=200 | egrep -i 'deploy|startup|Started|Initializing'
2025-11-08 12:01:17 [3708484] onycom@master:/home/onycom -> 2025-11-08 12:01:17  kubectl -n "$NS" logs "$POD" --tail=200 | egrep -i 'deploy|startup|Started|Initializing'
2025-11-08 12:01:17 [3708484] onycom@master:/home/onycom -> 2025-11-08 12:01:17  kubectl -n "$NS" logs "$POD" --tail=200 | egrep -i 'deploy|startup|Started|Initializing'
2025-11-08 12:01:21 [3708484] onycom@master:/home/onycom -> 2025-11-08 12:01:17  kubectl -n "$NS" logs "$POD" --tail=200 | egrep -i 'deploy|startup|Started|Initializing'
2025-11-08 12:01:22 [3708484] onycom@master:/home/onycom -> 2025-11-08 12:01:22  kubectl -n "$NS" exec -it "$POD" -- sh -lc 'wget -qO- http://127.0.0.1:8080/ | head -n 20 || true'
2025-11-08 12:01:22 [3708484] onycom@master:/home/onycom -> 2025-11-08 12:01:22  kubectl -n "$NS" exec -it "$POD" -- sh -lc 'wget -qO- http://127.0.0.1:8080/ | head -n 20 || true'
2025-11-08 12:01:29 [3708484] onycom@master:/home/onycom -> 2025-11-08 12:01:22  kubectl -n "$NS" exec -it "$POD" -- sh -lc 'wget -qO- http://127.0.0.1:8080/ | head -n 20 || true'
2025-11-08 12:01:29 [3708484] onycom@master:/home/onycom -> 2025-11-08 12:01:22  kubectl -n "$NS" exec -it "$POD" -- sh -lc 'wget -qO- http://127.0.0.1:8080/ | head -n 20 || true'
2025-11-08 12:01:30 [3708484] onycom@master:/home/onycom -> 2025-11-08 12:01:30  NS=iiac-viz
2025-11-08 12:01:30 [3708484] onycom@master:/home/onycom -> 2025-11-08 12:01:30  POD=$(kubectl -n "$NS" get pods -l app=iiac-viz -o jsonpath='{.items[0].metadata.name}')
2025-11-08 12:01:30 [3708484] onycom@master:/home/onycom -> 2025-11-08 12:01:30  echo "$POD"
2025-11-08 12:01:30 [3708484] onycom@master:/home/onycom -> 2025-11-08 12:01:30  echo "$POD"
2025-11-08 12:01:34 [3708484] onycom@master:/home/onycom -> 2025-11-08 12:01:34  WAR="/home/onycom/analysis_viz-0.0.1-SNAPSHOT.war"
2025-11-08 12:01:34 [3708484] onycom@master:/home/onycom -> 2025-11-08 12:01:34  kubectl -n "$NS" cp "$WAR" "$POD":/usr/local/tomcat/webapps/ROOT.war
2025-11-08 12:01:36 [3708484] onycom@master:/home/onycom -> 2025-11-08 12:01:34  kubectl -n "$NS" cp "$WAR" "$POD":/usr/local/tomcat/webapps/ROOT.war
2025-11-08 12:01:42 [3708484] onycom@master:/home/onycom -> 2025-11-08 12:01:42  kubectl -n "$NS" exec -it "$POD" -- sh -lc 'ls -al /usr/local/tomcat/webapps; sleep 3; ls -al /usr/local/tomcat/webapps/ROOT | head || true'
2025-11-08 12:01:45 [3708484] onycom@master:/home/onycom -> 2025-11-08 12:01:42  kubectl -n "$NS" exec -it "$POD" -- sh -lc 'ls -al /usr/local/tomcat/webapps; sleep 3; ls -al /usr/local/tomcat/webapps/ROOT | head || true'
2025-11-08 12:01:52 [3708484] onycom@master:/home/onycom -> 2025-11-08 12:01:52  kubectl -n "$NS" logs "$POD" --tail=200 | egrep -i 'deploy|startup|Started|Initializing'
2025-11-08 12:01:52 [3708484] onycom@master:/home/onycom -> 2025-11-08 12:01:52  kubectl -n "$NS" logs "$POD" --tail=200 | egrep -i 'deploy|startup|Started|Initializing'
2025-11-08 12:01:52 [3708484] onycom@master:/home/onycom -> 2025-11-08 12:01:52  kubectl -n "$NS" logs "$POD" --tail=200 | egrep -i 'deploy|startup|Started|Initializing'
2025-11-08 12:01:53 [3708484] onycom@master:/home/onycom -> 2025-11-08 12:01:52  kubectl -n "$NS" logs "$POD" --tail=200 | egrep -i 'deploy|startup|Started|Initializing'
2025-11-08 12:01:53 [3708484] onycom@master:/home/onycom -> 2025-11-08 12:01:52  kubectl -n "$NS" logs "$POD" --tail=200 | egrep -i 'deploy|startup|Started|Initializing'
2025-11-08 12:01:57 [3708484] onycom@master:/home/onycom -> 2025-11-08 12:01:57  kubectl -n "$NS" exec -it "$POD" -- sh -lc 'wget -qO- http://127.0.0.1:8080/ | head -n 20 || true'
2025-11-08 12:01:58 [3708484] onycom@master:/home/onycom -> 2025-11-08 12:01:57  kubectl -n "$NS" exec -it "$POD" -- sh -lc 'wget -qO- http://127.0.0.1:8080/ | head -n 20 || true'
2025-11-08 12:02:06 [3708484] onycom@master:/home/onycom -> 2025-11-08 12:02:05  kubectl get nodes -o wide
2025-11-08 12:02:06 [3708484] onycom@master:/home/onycom -> 2025-11-08 12:02:06  # INTERNAL-IP   (: 192.168.10.21, 192.168.10.22 ...)
2025-11-08 12:02:06 [3708484] onycom@master:/home/onycom -> 2025-11-08 12:02:06  # INTERNAL-IP   (: 192.168.10.21, 192.168.10.22 ...)
2025-11-08 12:02:07 [3708484] onycom@master:/home/onycom -> 2025-11-08 12:02:06  # INTERNAL-IP   (: 192.168.10.21, 192.168.10.22 ...)
2025-11-08 12:02:27 [3708484] onycom@master:/home/onycom -> 2025-11-08 12:02:27  curl -I http://192.168.10.21:30080/
2025-11-08 12:02:27 [3708484] onycom@master:/home/onycom -> 2025-11-08 12:02:27  curl -I http://192.168.10.21:30080/
2025-11-08 12:02:27 [3708484] onycom@master:/home/onycom -> 2025-11-08 12:02:27  curl -I http://192.168.10.21:30080/
2025-11-08 12:02:48 [3708484] onycom@master:/home/onycom -> 2025-11-08 12:02:48  kubectl -n iiac-viz port-forward svc/iiac-viz-svc 18080:80
2025-11-08 12:30:24 [3721876] onycom@master:/home/onycom -> 
2025-11-08 12:30:24 [3721876] onycom@master:/home/onycom -> 
2025-11-08 12:30:24 [3721876] onycom@master:/home/onycom -> 2025-11-08 12:02:27  curl -I http://192.168.10.21:30080/
2025-11-08 12:30:24 [3721954] onycom@master:/home/onycom -> 
2025-11-08 12:30:24 [3721954] onycom@master:/home/onycom -> 
2025-11-08 12:30:24 [3721954] onycom@master:/home/onycom -> 
2025-11-08 12:30:25 [3721876] onycom@master:/home/onycom -> 2025-11-08 12:02:27  curl -I http://192.168.10.21:30080/
2025-11-08 12:30:25 [3721876] onycom@master:/home/onycom -> 2025-11-08 12:02:27  curl -I http://192.168.10.21:30080/
2025-11-08 12:30:27 [3721876] onycom@master:/home/onycom -> 2025-11-08 12:02:27  curl -I http://192.168.10.21:30080/
2025-11-08 12:30:27 [3721876] onycom@master:/home/onycom -> 2025-11-08 12:02:27  curl -I http://192.168.10.21:30080/
2025-11-08 12:30:31 [3721876] onycom@master:/home/onycom -> 2025-11-08 12:30:31  kubectl get nodes -o wide
2025-11-08 12:30:31 [3721876] onycom@master:/home/onycom -> 2025-11-08 12:30:31  kubectl get nodes -o wide
